<?xml version="1.0" encoding="UTF-8"?>
<testsuite xmlns:xsi="http://www.w3.org/2001/XMLSchema-instance" xsi:noNamespaceSchemaLocation="https://maven.apache.org/surefire/maven-surefire-plugin/xsd/surefire-test-report-3.0.xsd" version="3.0" name="com.expeditors.householddataprocessing.HouseholdProcessorUnitTest" time="0.078" tests="2" errors="0" skipped="0" failures="0">
  <properties>
    <property name="java.specification.version" value="20"/>
    <property name="sun.cpu.isalist" value="amd64"/>
    <property name="sun.jnu.encoding" value="Cp1252"/>
    <property name="java.class.path" value="E:\temp\other\java\expeditors_maven\household-data-processing\target\test-classes;E:\temp\other\java\expeditors_maven\household-data-processing\target\classes;C:\Users\ril\.m2\repository\junit\junit\4.13.1\junit-4.13.1.jar;C:\Users\ril\.m2\repository\org\hamcrest\hamcrest-core\1.3\hamcrest-core-1.3.jar;"/>
    <property name="java.vm.vendor" value="Oracle Corporation"/>
    <property name="sun.arch.data.model" value="64"/>
    <property name="user.variant" value=""/>
    <property name="java.vendor.url" value="https://java.oracle.com/"/>
    <property name="user.timezone" value="America/Los_Angeles"/>
    <property name="os.name" value="Windows 11"/>
    <property name="java.vm.specification.version" value="20"/>
    <property name="sun.java.launcher" value="SUN_STANDARD"/>
    <property name="user.country" value="US"/>
    <property name="sun.boot.library.path" value="E:\apps\Java\jdk-20\bin"/>
    <property name="sun.java.command" value="C:\Users\ril\AppData\Local\Temp\surefire14918956521945683174\surefirebooter-20240107200616715_3.jar C:\Users\ril\AppData\Local\Temp\surefire14918956521945683174 2024-01-07T20-06-16_274-jvmRun1 surefire-20240107200616715_1tmp surefire_0-20240107200616715_2tmp"/>
    <property name="jdk.debug" value="release"/>
    <property name="surefire.test.class.path" value="E:\temp\other\java\expeditors_maven\household-data-processing\target\test-classes;E:\temp\other\java\expeditors_maven\household-data-processing\target\classes;C:\Users\ril\.m2\repository\junit\junit\4.13.1\junit-4.13.1.jar;C:\Users\ril\.m2\repository\org\hamcrest\hamcrest-core\1.3\hamcrest-core-1.3.jar;"/>
    <property name="sun.cpu.endian" value="little"/>
    <property name="user.home" value="C:\Users\ril"/>
    <property name="user.language" value="en"/>
    <property name="java.specification.vendor" value="Oracle Corporation"/>
    <property name="java.version.date" value="2023-04-18"/>
    <property name="java.home" value="E:\apps\Java\jdk-20"/>
    <property name="file.separator" value="\"/>
    <property name="basedir" value="E:\temp\other\java\expeditors_maven\household-data-processing"/>
    <property name="java.vm.compressedOopsMode" value="Zero based"/>
    <property name="line.separator" value="&#10;"/>
    <property name="java.vm.specification.vendor" value="Oracle Corporation"/>
    <property name="java.specification.name" value="Java Platform API Specification"/>
    <property name="surefire.real.class.path" value="C:\Users\ril\AppData\Local\Temp\surefire14918956521945683174\surefirebooter-20240107200616715_3.jar"/>
    <property name="user.script" value=""/>
    <property name="sun.management.compiler" value="HotSpot 64-Bit Tiered Compilers"/>
    <property name="java.runtime.version" value="20.0.1+9-29"/>
    <property name="user.name" value="ril"/>
    <property name="stdout.encoding" value="Cp1252"/>
    <property name="path.separator" value=";"/>
    <property name="os.version" value="10.0"/>
    <property name="java.runtime.name" value="Java(TM) SE Runtime Environment"/>
    <property name="file.encoding" value="UTF-8"/>
    <property name="java.vm.name" value="Java HotSpot(TM) 64-Bit Server VM"/>
    <property name="localRepository" value="C:\Users\ril\.m2\repository"/>
    <property name="java.vendor.url.bug" value="https://bugreport.java.com/bugreport/"/>
    <property name="java.io.tmpdir" value="C:\Users\ril\AppData\Local\Temp\"/>
    <property name="java.version" value="20.0.1"/>
    <property name="user.dir" value="E:\temp\other\java\expeditors_maven\household-data-processing"/>
    <property name="os.arch" value="amd64"/>
    <property name="java.vm.specification.name" value="Java Virtual Machine Specification"/>
    <property name="sun.os.patch.level" value=""/>
    <property name="native.encoding" value="Cp1252"/>
    <property name="java.library.path" value="E:\apps\Java\jdk-20\bin;C:\WINDOWS\Sun\Java\bin;C:\WINDOWS\system32;C:\WINDOWS;C:\Program Files\Common Files\Oracle\Java\javapath;C:\Program Files\Common Files\Microsoft Shared\Microsoft Online Services;C:\Program Files (x86)\Common Files\Microsoft Shared\Microsoft Online Services;C:\WINDOWS\system32;C:\WINDOWS;C:\WINDOWS\System32\Wbem;C:\WINDOWS\System32\WindowsPowerShell\v1.0\;C:\WINDOWS\System32\OpenSSH\;C:\ProgramData\chocolatey\bin;E:\dev\sqllite\sqlite-tools-win32-x86-3390200;C:\Program Files\Microsoft SQL Server\150\Tools\Binn\;C:\Users\ril\AppData\Roaming\TinyTeX;C:\Users\ril\AppData\Roaming\TinyTeX\bin\win32;C:\Program Files\Go\bin;C:\WINDOWS\system32;C:\WINDOWS;C:\WINDOWS\System32\Wbem;C:\WINDOWS\System32\WindowsPowerShell\v1.0\;C:\WINDOWS\System32\OpenSSH\;C:\Program Files\SafeNet\Authentication\SAC\x64;C:\Program Files\SafeNet\Authentication\SAC\x32;C:\Program Files\Microsoft Visual Studio\2022\Enterprise\MSBuild\Current\Bin;C:\Program Files\nodejs\;C:\Program Files\dotnet\;C:\Program Files\Git\cmd;C:\Users\ril\AppData\Local\Programs\Python\Python310\Scripts\;C:\Users\ril\AppData\Local\Programs\Python\Python310\;C:\Users\ril\AppData\Local\CloudBuild;C:\Users\ril\AppData\Local\Microsoft\WindowsApps;E:\dev\sqllite\sqlite-tools-win32-x86-3390200;C:\Program Files (x86)\Nmap;C:\Users\ril\AppData\Roaming\TinyTeX;C:\Users\ril\AppData\Roaming\TinyTeX\bin\win32;E:\apps\Microsoft VS Code\bin;C:\Users\ril\go\bin;C:\Users\ril\.dotnet\tools;C:\Users\ril\AppData\Local\Programs\AzureAuth\0.5.4;C:\Users\ril\AppData\Local\Microsoft\WindowsApps;C:\Program Files\Microsoft Visual Studio\2022\Enterprise\MSBuild\Current\Bin;C:\Users\ril\AppData\Roaming\npm;C:\Users\ril\.dotnet\tools;E:\docs\downloads\apache-maven-3.9.6\bin;;."/>
    <property name="java.vm.info" value="mixed mode, sharing"/>
    <property name="stderr.encoding" value="Cp1252"/>
    <property name="java.vendor" value="Oracle Corporation"/>
    <property name="java.vm.version" value="20.0.1+9-29"/>
    <property name="sun.io.unicode.encoding" value="UnicodeLittle"/>
    <property name="java.class.version" value="64.0"/>
  </properties>
  <testcase name="testProcessThrowException" classname="com.expeditors.householddataprocessing.HouseholdProcessorUnitTest" time="0.016">
    <system-err><![CDATA[Age in the input data is invalid
]]></system-err>
  </testcase>
  <testcase name="testProcess" classname="com.expeditors.householddataprocessing.HouseholdProcessorUnitTest" time="0.015"/>
</testsuite>